<?xml version="1.0" encoding="UTF-8"?>
<testng-results skipped="0" failed="0" ignored="0" total="1" passed="1">
  <reporter-output>
  </reporter-output>
  <suite name="Default suite" duration-ms="1134" started-at="2019-03-05T09:55:34Z" finished-at="2019-03-05T09:55:35Z">
    <groups>
    </groups>
    <test name="Default test" duration-ms="1134" started-at="2019-03-05T09:55:34Z" finished-at="2019-03-05T09:55:35Z">
      <class name="Demo5.ReadDataXL">
        <test-method status="PASS" signature="run()[pri:1, instance:Demo5.ReadDataXL@675d3402]" name="run" duration-ms="1074" started-at="2019-03-05T09:55:34Z" finished-at="2019-03-05T09:55:35Z">
          <reporter-output>
          </reporter-output>
        </test-method> <!-- run -->
      </class> <!-- Demo5.ReadDataXL -->
    </test> <!-- Default test -->
  </suite> <!-- Default suite -->
</testng-results>
