<?xml version="1.0" encoding="UTF-8"?>
<!-- Generated by org.testng.reporters.JUnitXMLReporter -->
<testsuite hostname="DESKTOP-R8K2O8B" ignored="1" name="Test" tests="2" failures="0" timestamp="28 Feb 2019 07:19:39 GMT" time="0.08" errors="0">
  <testcase name="b2" time="0.015" classname="firstt.testnggroups"/>
  <testcase name="b3" time="0.003" classname="firstt.testnggroups"/>
  <testcase name="b1" time="0.0" classname="firstt.testnggroups">
    <ignored/>
  </testcase> <!-- b1 -->
</testsuite> <!-- Test -->
