<?xml version="1.0" encoding="UTF-8"?>
<!-- Generated by org.testng.reporters.JUnitXMLReporter -->
<testsuite hostname="DESKTOP-R8K2O8B" ignored="1" name="Test" tests="2" failures="0" timestamp="27 Feb 2019 17:33:02 GMT" time="0.092" errors="0">
  <testcase name="b2" time="0.021" classname="firstt.testnggroups"/>
  <testcase name="b3" time="0.004" classname="firstt.testnggroups"/>
  <testcase name="b1" time="0.0" classname="firstt.testnggroups">
    <ignored/>
  </testcase> <!-- b1 -->
</testsuite> <!-- Test -->
