<?xml version="1.0" encoding="UTF-8"?>
<!-- Generated by org.testng.reporters.JUnitXMLReporter -->
<testsuite hostname="LAPTOP-DUI2CR0P" ignored="0" name="Test" tests="2" failures="1" timestamp="05 Mar 2019 07:34:39 GMT" time="14.805" errors="0">
  <testcase name="passData" time="14.7" classname="firstt.DataFromXl05"/>
  <testcase name="getadata" time="0.0" classname="firstt.DataFromXl05">
    <failure type="org.testng.TestNGException" message="
Some DataProvider public java.lang.String[][] firstt.DataFromXl05.readData(java.lang.String,java.lang.String) throws org.apache.poi.EncryptedDocumentException,org.apache.poi.openxml4j.exceptions.InvalidFormatException,java.io.IOException parameters unresolved:  at 0 type class java.lang.String
 at 1 type class java.lang.String
">
      <![CDATA[org.testng.TestNGException: 
Some DataProvider public java.lang.String[][] firstt.DataFromXl05.readData(java.lang.String,java.lang.String) throws org.apache.poi.EncryptedDocumentException,org.apache.poi.openxml4j.exceptions.InvalidFormatException,java.io.IOException parameters unresolved:  at 0 type class java.lang.String
 at 1 type class java.lang.String

... Removed 23 stack frames]]>
    </failure>
  </testcase> <!-- getadata -->
</testsuite> <!-- Test -->
