<?xml version="1.0" encoding="UTF-8"?>
<!-- Generated by org.testng.reporters.JUnitXMLReporter -->
<testsuite hostname="Pushpendra" ignored="0" name="Test" tests="1" failures="1" timestamp="05 Mar 2019 04:43:10 GMT" time="0.064" errors="0">
  <testcase name="run" time="0.016" classname="firstt.Failtest">
    <failure type="java.lang.AssertionError" message="null">
      <![CDATA[java.lang.AssertionError: null
at firstt.Failtest.run(Failtest.java:14)
... Removed 27 stack frames]]>
    </failure>
  </testcase> <!-- run -->
</testsuite> <!-- Test -->
