<?xml version="1.0" encoding="UTF-8"?>
<!-- Generated by org.testng.reporters.JUnitXMLReporter -->
<testsuite hostname="DESKTOP-R8K2O8B" ignored="0" name="Test" tests="5" failures="1" timestamp="28 Feb 2019 07:20:16 GMT" time="0.105" errors="0">
  <testcase name="D" time="0.015" classname="firstt.TMFail"/>
  <testcase name="C" time="0.012" classname="firstt.TMFail">
    <failure type="java.lang.AssertionError" message="null">
      <![CDATA[java.lang.AssertionError: null
at firstt.TMFail.C(TMFail.java:23)
... Removed 26 stack frames]]>
    </failure>
  </testcase> <!-- C -->
  <testcase name="B" time="0.0" classname="firstt.TMFail">
    <skipped/>
  </testcase> <!-- B -->
  <testcase name="A" time="0.003" classname="firstt.TMFail"/>
  <testcase name="A" time="0.002" classname="firstt.TMFail"/>
</testsuite> <!-- Test -->
