<?xml version="1.0" encoding="UTF-8"?>
<!-- Generated by org.testng.reporters.JUnitXMLReporter -->
<testsuite hostname="Pushpendra" ignored="0" name="Test(failed)" tests="1" failures="1" timestamp="05 Mar 2019 05:19:34 GMT" time="0.008" errors="0">
  <testcase name="run" time="0.003" classname="firstt.Failtest">
    <failure type="java.lang.AssertionError" message="null">
      <![CDATA[java.lang.AssertionError: null
at firstt.Failtest.run(Failtest.java:14)
at firstt.ToRunfailed.run1(ToRunfailed.java:23)
... Removed 49 stack frames]]>
    </failure>
  </testcase> <!-- run -->
</testsuite> <!-- Test(failed) -->
