<?xml version="1.0" encoding="UTF-8"?>
<!-- Generated by org.testng.reporters.JUnitXMLReporter -->
<testsuite hostname="DESKTOP-R8K2O8B" ignored="2" name="Test" tests="1" failures="0" timestamp="28 Feb 2019 07:19:48 GMT" time="0.088" errors="0">
  <testcase name="A" time="0.015" classname="firstt.SkipTM"/>
  <testcase name="B" time="0.0" classname="firstt.SkipTM">
    <ignored/>
  </testcase> <!-- B -->
  <testcase name="E" time="0.0" classname="firstt.SkipTM">
    <ignored/>
  </testcase> <!-- E -->
</testsuite> <!-- Test -->
