<?xml version="1.0" encoding="UTF-8"?>
<!-- Generated by org.testng.reporters.JUnitXMLReporter -->
<testsuite hostname="DESKTOP-R8K2O8B" ignored="0" name="Test" tests="5" failures="0" timestamp="28 Feb 2019 07:18:57 GMT" time="0.102" errors="0">
  <testcase name="C" time="0.015" classname="firstt.DemoC"/>
  <testcase name="E" time="0.002" classname="firstt.DemoC"/>
  <testcase name="B" time="0.005" classname="firstt.DemoC"/>
  <testcase name="A" time="0.002" classname="firstt.DemoC"/>
  <testcase name="D" time="0.003" classname="firstt.DemoC"/>
</testsuite> <!-- Test -->
