<?xml version="1.0" encoding="UTF-8"?>
<!-- Generated by org.testng.reporters.JUnitXMLReporter -->
<testsuite hostname="DESKTOP-R8K2O8B" ignored="0" name="Test" tests="5" failures="0" timestamp="27 Feb 2019 10:47:04 GMT" time="0.405" errors="0">
  <testcase name="C" time="0.071" classname="firstt.DemoC"/>
  <testcase name="E" time="0.015" classname="firstt.DemoC"/>
  <testcase name="B" time="0.007" classname="firstt.DemoC"/>
  <testcase name="A" time="0.002" classname="firstt.DemoC"/>
  <testcase name="D" time="0.052" classname="firstt.DemoC"/>
</testsuite> <!-- Test -->
