<?xml version="1.0" encoding="UTF-8"?>
<!-- Generated by org.testng.reporters.JUnitXMLReporter -->
<testsuite hostname="DESKTOP-R8K2O8B" ignored="0" name="Test" tests="5" failures="0" timestamp="27 Feb 2019 11:13:55 GMT" time="0.105" errors="0">
  <testcase name="B" time="0.019" classname="firstt.DemoE"/>
  <testcase name="C" time="0.006" classname="firstt.DemoE"/>
  <testcase name="E" time="0.004" classname="firstt.DemoE"/>
  <testcase name="A" time="0.006" classname="firstt.DemoE"/>
  <testcase name="D" time="0.007" classname="firstt.DemoE"/>
</testsuite> <!-- Test -->
