<?xml version="1.0" encoding="UTF-8"?>
<!-- Generated by org.testng.reporters.JUnitXMLReporter -->
<testsuite hostname="Pushpendra" ignored="0" name="Test" tests="1" failures="1" timestamp="05 Mar 2019 07:04:44 GMT" time="1.214" errors="0">
  <testcase name="run" time="1.176" classname="Demo5.ReadDataXL">
    <failure type="org.testng.internal.reflect.MethodMatcherException" message="
Data provider mismatch
Method: run([Parameter{index=0, type=java.lang.String, declaredAnnotations=[]}, Parameter{index=1, type=java.lang.String, declaredAnnotations=[]}])
Arguments: [(java.lang.String) Student1,(java.lang.String) 20 ,(java.lang.String) 30,(java.lang.String) 40,(java.lang.String) 50,(java.lang.String) 60,(java.lang.String) 70]">
      <![CDATA[org.testng.internal.reflect.MethodMatcherException: 
Data provider mismatch
Method: run([Parameter{index=0, type=java.lang.String, declaredAnnotations=[]}, Parameter{index=1, type=java.lang.String, declaredAnnotations=[]}])
Arguments: [(java.lang.String) Student1,(java.lang.String) 20 ,(java.lang.String) 30,(java.lang.String) 40,(java.lang.String) 50,(java.lang.String) 60,(java.lang.String) 70]
... Removed 20 stack frames]]>
    </failure>
  </testcase> <!-- run -->
</testsuite> <!-- Test -->
