<?xml version="1.0" encoding="UTF-8"?>
<!-- Generated by org.testng.reporters.JUnitXMLReporter -->
<testsuite hostname="DESKTOP-R8K2O8B" ignored="4" name="Test" tests="3" failures="0" timestamp="27 Feb 2019 10:02:09 GMT" time="0.134" errors="0">
  <testcase name="test5" time="0.017" classname="firstt.TestNGAnnotations"/>
  <testcase name="A" time="0.006" classname="firstt.DemoA"/>
  <testcase name="test5" time="0.007" classname="firstt.TestNGAnnotations"/>
  <testcase name="@AfterTest test8" time="0.0" classname="firstt.TestNGAnnotations">
    <ignored/>
  </testcase> <!-- @AfterTest test8 -->
  <testcase name="@AfterSuite test9" time="0.0" classname="firstt.TestNGAnnotations">
    <ignored/>
  </testcase> <!-- @AfterSuite test9 -->
  <testcase name="@BeforeTest test2" time="0.0" classname="firstt.TestNGAnnotations">
    <ignored/>
  </testcase> <!-- @BeforeTest test2 -->
  <testcase name="@BeforeSuite test1" time="0.0" classname="firstt.TestNGAnnotations">
    <ignored/>
  </testcase> <!-- @BeforeSuite test1 -->
</testsuite> <!-- Test -->
